(2018-08-02 08:06:05):标号110299160rule_owingamount_too_big过滤失败
(2018-08-02 08:06:07):标号110299161rule_owingamount_too_big过滤失败
(2018-08-02 08:06:09):标号110299163rule_owingamount_too_big过滤失败
(2018-08-02 08:06:10):标号110299164rule_amount_too_big过滤失败
(2018-08-02 08:17:14):标号110300533rule_pastduenumber_too_big过滤失败
(2018-08-02 08:17:14):标号110300536rule_pastduenumber_too_big过滤失败
(2018-08-02 08:17:14):标号110300537rule_pastduenumber_too_big过滤失败
(2018-08-02 08:17:14):标号110300665rule_pastduenumber_too_big过滤失败
(2018-08-02 08:20:08):标号110301209rule_month_too_long过滤失败
(2018-08-02 08:20:08):标号110301211rule_pastdueday_too_much过滤失败
(2018-08-02 08:20:08):标号110301212rule_pastdueday_too_much过滤失败
(2018-08-02 08:20:13):标号110301213rule_month_too_long过滤失败
(2018-08-02 08:20:15):标号110301214rule_month_too_long过滤失败
(2018-08-02 08:20:15):标号110301215rule_pastdueday_too_much过滤失败
(2018-08-02 08:20:17):标号110301216rule_month_too_long过滤失败
(2018-08-02 08:20:17):标号110301218rule_pastdueday_too_much过滤失败
(2018-08-02 08:20:18):标号110301219rule_month_too_long过滤失败
(2018-08-02 08:20:18):标号110301220rule_pastdueday_too_much过滤失败
(2018-08-02 08:20:20):标号110301221rule_month_too_long过滤失败
(2018-08-02 08:20:22):标号110301223rule_month_too_long过滤失败
(2018-08-02 08:20:26):标号110301199rule_month_too_long过滤失败
(2018-08-02 08:20:26):标号110301201rule_pastdueday_too_much过滤失败
(2018-08-02 08:20:26):标号110301202rule_pastdueday_too_much过滤失败
(2018-08-02 08:20:26):标号110301203rule_pastdueday_too_much过滤失败
(2018-08-02 08:20:28):标号110301204rule_month_too_long过滤失败
(2018-08-02 08:20:30):标号110301205rule_month_too_long过滤失败
(2018-08-02 08:20:31):标号110301206rule_month_too_long过滤失败
(2018-08-02 08:20:34):标号110301207rule_month_too_long过滤失败
(2018-08-02 08:20:35):标号110301208rule_month_too_long过滤失败
(2018-08-02 08:20:39):标号110301194rule_currentcreditcode_too_low过滤失败
(2018-08-02 08:20:39):标号110301195rule_currentcreditcode_too_low过滤失败
(2018-08-02 08:20:39):标号110301196rule_currentcreditcode_too_low过滤失败
(2018-08-02 08:20:39):标号110301197rule_pastdueday_too_much过滤失败
(2018-08-02 08:20:40):标号110301198rule_month_too_long过滤失败
(2018-08-02 08:20:45):标号110301186rule_owingamount_too_big过滤失败
(2018-08-02 08:20:47):标号110301187rule_owingamount_too_big过滤失败
(2018-08-02 08:20:49):标号110301188rule_owingamount_too_big过滤失败
(2018-08-02 08:20:50):标号110301189rule_NoWasteCountFlag过滤失败
(2018-08-02 08:20:53):标号110301190rule_certificatevalidate_not过滤失败
(2018-08-02 08:20:55):标号110301191rule_certificatevalidate_not过滤失败
(2018-08-02 08:20:57):标号110301192rule_month_too_long过滤失败
(2018-08-02 08:20:57):标号110301193rule_currentcreditcode_too_low过滤失败
(2018-08-02 08:20:59):标号110301183rule_pastdueday_too_much过滤失败
(2018-08-02 08:21:04):标号110301184rule_lastsuccessborrowtime_too_short过滤失败
(2018-08-02 08:21:07):标号110301185rule_owingamount_too_big过滤失败
(2018-08-02 08:21:11):标号110301180rule_owingamount_too_big过滤失败
(2018-08-02 08:21:12):标号110301181rule_certificatevalidate_not过滤失败
(2018-08-02 08:21:14):标号110301182rule_owingamount_too_big过滤失败
(2018-08-02 08:21:18):标号110301179rule_owingamount_too_big过滤失败
(2018-08-02 08:21:19):标号110301175rule_pastdueday_too_much过滤失败
(2018-08-02 08:21:21):标号110301176rule_owingamount_too_big过滤失败
(2018-08-02 08:21:26):标号110301177rule_owing_too_big过滤失败
(2018-08-02 08:21:28):标号110301178rule_owingamount_too_big过滤失败
(2018-08-02 08:21:31):标号110301173rule_lastsuccessborrowtime_too_short过滤失败
(2018-08-02 08:21:33):标号110301174rule_owingamount_too_big过滤失败
